
Showing logs for build [32mcb-kubecd-environment-pr-166-25-52hgk-1[0m stage [32mfrom-build-pack[0m and container [32mstep-credential-initializer-pmdxw[0m
{"level":"warn","ts":1582710054.9607792,"logger":"fallback-logger","caller":"logging/config.go:69","msg":"Fetch GitHub commit ID from kodata failed: \"ref: refs/heads/0.8.0-**-support-backwards-incompats\" is not a valid GitHub commit ID"}
{"level":"info","ts":1582710054.9613311,"logger":"fallback-logger","caller":"creds-init/main.go:40","msg":"Credentials initialized."}

Showing logs for build [32mcb-kubecd-environment-pr-166-25-52hgk-1[0m stage [32mfrom-build-pack[0m and container [32mstep-working-dir-initializer-zr8xt[0m
{"level":"warn","ts":1582710056.0543218,"logger":"fallback-logger","caller":"logging/config.go:69","msg":"Fetch GitHub commit ID from kodata failed: open /var/run/ko/HEAD: no such file or directory"}
{"level":"info","ts":1582710056.0619605,"logger":"fallback-logger","caller":"bash/main.go:64","msg":"Successfully executed command \"sh -c mkdir -p /workspace/source\"; output "}

Showing logs for build [32mcb-kubecd-environment-pr-166-25-52hgk-1[0m stage [32mfrom-build-pack[0m and container [32mstep-place-tools[0m

Showing logs for build [32mcb-kubecd-environment-pr-166-25-52hgk-1[0m stage [32mfrom-build-pack[0m and container [32mstep-git-source-cb-kubecd-environment-pr-166-25-52hgk-7n22z[0m
{"level":"warn","ts":1582710060.1781778,"logger":"fallback-logger","caller":"logging/config.go:69","msg":"Fetch GitHub commit ID from kodata failed: \"ref: refs/heads/0.8.0-**-support-backwards-incompats\" is not a valid GitHub commit ID"}
{"level":"info","ts":1582710061.3122873,"logger":"fallback-logger","caller":"git/git.go:103","msg":"Successfully cloned https://github.com/cb-kubecd/environment-pr-166-25-boot-gke-staging.git @ master in path /workspace/source"}

Showing logs for build [32mcb-kubecd-environment-pr-166-25-52hgk-1[0m stage [32mfrom-build-pack[0m and container [32mstep-git-merge[0m
Using SHAs from PULL_REFS=master:ff28b3c239687afac5c73be6f4e49c75705f65d1,7:d37a4e8e8222da838fd54ecfd9728b4237e1c1f7
DEBUG: LC_ALL=C JX_LOG_LEVEL=error git fetch origin --unshallow d37a4e8e8222da838fd54ecfd9728b4237e1c1f7: ff28b3c239687afac5c73be6f4e49c75705f65d1:
DEBUG: ran git fetch --unshallow origin d37a4e8e8222da838fd54ecfd9728b4237e1c1f7: ff28b3c239687afac5c73be6f4e49c75705f65d1: in 
DEBUG: LC_ALL=C JX_LOG_LEVEL=error git branch
DEBUG: LC_ALL=C JX_LOG_LEVEL=error git checkout master
DEBUG: ran git checkout master in 
DEBUG: JX_LOG_LEVEL=error LC_ALL=C git reset --hard ff28b3c239687afac5c73be6f4e49c75705f65d1
DEBUG: ran git reset --hard ff28b3c239687afac5c73be6f4e49c75705f65d1 in 
DEBUG: LC_ALL=C JX_LOG_LEVEL=error git clean -fd .
DEBUG: ran clean --force -d . in 
DEBUG: LC_ALL=C JX_LOG_LEVEL=error git merge d37a4e8e8222da838fd54ecfd9728b4237e1c1f7
DEBUG: ran git merge d37a4e8e8222da838fd54ecfd9728b4237e1c1f7 in 
DEBUG: LC_ALL=C JX_LOG_LEVEL=error git log --format=%H%x1f%an%x1f%ae%x1f%cn%x1f%ce%x1f%s%n%b%x1e ff28b3c239687afac5c73be6f4e49c75705f65d1..HEAD
Merged SHA d37a4e8e8222da838fd54ecfd9728b4237e1c1f7 with commit message 'chore: Promote bdd-sbhg-import-1582708791 to version 0.0.1' into base branch master

Showing logs for build [32mcb-kubecd-environment-pr-166-25-52hgk-1[0m stage [32mfrom-build-pack[0m and container [32mstep-build-helm-build[0m
WARNING: No $CHART_REPOSITORY defined so using the default value of: http://jenkins-x-chartmuseum:8080
Adding missing Helm repo: storage.googleapis.com https://storage.googleapis.com/chartmuseum.jenkins-x.io
WARNING: No secrets found on "helm/repos" due: reading the secret "helm/repos" from vault: no secret "helm/repos" not found in vault
Read credentials for https://storage.googleapis.com/chartmuseum.jenkins-x.io from vault helm/repos
Successfully added Helm repository storage.googleapis.com.
Adding missing Helm repo: jenkins-x-chartmuseum http://jenkins-x-chartmuseum:8080
WARNING: No secrets found on "helm/repos" due: reading the secret "helm/repos" from vault: no secret "helm/repos" not found in vault
Read credentials for http://jenkins-x-chartmuseum:8080 from vault helm/repos
Successfully added Helm repository jenkins-x-chartmuseum.
WARNING: No $CHART_REPOSITORY defined so using the default value of: http://jenkins-x-chartmuseum:8080
Adding missing Helm repo: chartmuseum.jenkins-x.io http://chartmuseum.jenkins-x.io
WARNING: No secrets found on "helm/repos" due: reading the secret "helm/repos" from vault: no secret "helm/repos" not found in vault
Read credentials for http://chartmuseum.jenkins-x.io from vault helm/repos
Successfully added Helm repository chartmuseum.jenkins-x.io.
